2026-06-10 16:50:18.7790 [INFO] POSTリクエスト(ログイン)を受け取りました
2026-06-10 16:50:18.8872 [INFO] ログインに成功しました。UserName=12345
2026-06-10 16:50:19.0499 [INFO] GETリクエスト(チャット)を受け取りました
2026-06-10 16:50:23.9809 [INFO] GETリクエスト(チャット)を受け取りました
2026-06-10 16:50:29.7544 [INFO] GETリクエスト(チャット)を受け取りました
2026-06-10 16:50:34.7613 [INFO] GETリクエスト(チャット)を受け取りました
2026-06-10 16:50:39.7600 [INFO] GETリクエスト(チャット)を受け取りました
2026-06-10 16:50:44.7570 [INFO] GETリクエスト(チャット)を受け取りました
2026-06-10 16:50:49.7617 [INFO] GETリクエスト(チャット)を受け取りました
2026-06-10 16:50:54.7533 [INFO] GETリクエスト(チャット)を受け取りました
2026-06-10 16:50:59.7566 [INFO] GETリクエスト(チャット)を受け取りました
2026-06-10 16:51:04.7650 [INFO] GETリクエスト(チャット)を受け取りました
2026-06-10 16:51:09.7611 [INFO] GETリクエスト(チャット)を受け取りました
2026-06-10 16:51:14.7564 [INFO] GETリクエスト(チャット)を受け取りました
2026-06-10 16:51:19.7711 [INFO] GETリクエスト(チャット)を受け取りました
2026-06-10 16:51:24.7624 [INFO] GETリクエスト(チャット)を受け取りました
2026-06-10 16:52:25.7542 [INFO] GETリクエスト(チャット)を受け取りました
2026-06-10 16:53:25.7621 [INFO] GETリクエスト(チャット)を受け取りました
2026-06-10 16:54:25.7529 [INFO] GETリクエスト(チャット)を受け取りました
2026-06-10 16:54:40.8999 [INFO] GETリクエスト(チャット)を受け取りました
2026-06-10 16:54:43.9903 [INFO] GETリクエスト(チャット)を受け取りました
2026-06-10 16:54:48.9827 [INFO] GETリクエスト(チャット)を受け取りました
2026-06-10 16:54:53.9902 [INFO] GETリクエスト(チャット)を受け取りました
2026-06-10 16:54:58.9826 [INFO] GETリクエスト(チャット)を受け取りました
2026-06-11 09:20:30 [INFO] POSTリクエスト(ログイン)を受け取りました
2026-06-11 09:20:30 [INFO] ログインに成功しました。UserName=12345
2026-06-11 09:20:30 [INFO] GETリクエスト(チャット)を受け取りました
2026-06-11 09:20:30 [INFO] 通信成功：メッセージリストをクライアントに送信します。
2026-06-11 09:20:35 [INFO] GETリクエスト(チャット)を受け取りました
2026-06-11 09:20:35 [INFO] 通信成功：メッセージリストをクライアントに送信します。
2026-06-11 09:20:36 [INFO] POSTリクエスト(チャット)を受け取りました
2026-06-11 09:20:36 [INFO] チャット保存成功: Message=eわｒげｔ, Id=1
2026-06-11 09:20:36 [INFO] GETリクエスト(チャット)を受け取りました
2026-06-11 09:20:36 [INFO] 通信成功：メッセージリストをクライアントに送信します。
2026-06-11 09:20:40 [INFO] GETリクエスト(チャット)を受け取りました
2026-06-11 09:20:40 [INFO] 通信成功：メッセージリストをクライアントに送信します。
2026-06-11 09:20:41 [INFO] POSTリクエスト(チャット)を受け取りました
2026-06-11 09:20:41 [INFO] チャット保存成功: Message=rfqgraebsg, Id=2
2026-06-11 09:20:41 [INFO] GETリクエスト(チャット)を受け取りました
2026-06-11 09:20:41 [INFO] 通信成功：メッセージリストをクライアントに送信します。
2026-06-11 09:20:51 [INFO] POSTリクエスト(ユーザ追加)を受け取りました
2026-06-11 09:20:51 [INFO] ユーザー登録成功: UserName=123, Id=2
2026-06-11 09:21:00 [INFO] POSTリクエスト(ログイン)を受け取りました
2026-06-11 09:21:00 [INFO] ログインに成功しました。UserName=123
2026-06-11 09:21:00 [INFO] GETリクエスト(チャット)を受け取りました
2026-06-11 09:21:00 [INFO] 通信成功：メッセージリストをクライアントに送信します。
2026-06-11 09:21:05 [INFO] GETリクエスト(チャット)を受け取りました
2026-06-11 09:21:05 [INFO] 通信成功：メッセージリストをクライアントに送信します。
2026-06-11 09:21:06 [INFO] POSTリクエスト(チャット)を受け取りました
2026-06-11 09:21:06 [INFO] チャット保存成功: Message=graefb, Id=3
2026-06-11 09:21:06 [INFO] GETリクエスト(チャット)を受け取りました
2026-06-11 09:21:06 [INFO] 通信成功：メッセージリストをクライアントに送信します。
2026-06-11 09:21:08 [INFO] POSTリクエスト(チャット)を受け取りました
2026-06-11 09:21:08 [INFO] チャット保存成功: Message=esd, Id=4
2026-06-11 09:21:08 [INFO] GETリクエスト(チャット)を受け取りました
2026-06-11 09:21:08 [INFO] 通信成功：メッセージリストをクライアントに送信します。
2026-06-11 09:21:15 [INFO] POSTリクエスト(ログイン)を受け取りました
2026-06-11 09:21:15 [INFO] ログインに成功しました。UserName=12345
2026-06-11 09:21:15 [INFO] GETリクエスト(チャット)を受け取りました
2026-06-11 09:21:15 [INFO] 通信成功：メッセージリストをクライアントに送信します。
2026-06-11 09:21:20 [INFO] GETリクエスト(チャット)を受け取りました
2026-06-11 09:21:20 [INFO] 通信成功：メッセージリストをクライアントに送信します。
2026-06-11 09:21:25 [INFO] GETリクエスト(チャット)を受け取りました
2026-06-11 09:21:25 [INFO] 通信成功：メッセージリストをクライアントに送信します。
2026-06-11 09:21:30 [INFO] GETリクエスト(チャット)を受け取りました
2026-06-11 09:21:30 [INFO] 通信成功：メッセージリストをクライアントに送信します。
2026-06-11 09:21:35 [INFO] GETリクエスト(チャット)を受け取りました
2026-06-11 09:21:35 [INFO] 通信成功：メッセージリストをクライアントに送信します。
2026-06-11 09:21:40 [INFO] GETリクエスト(チャット)を受け取りました
2026-06-11 09:21:40 [INFO] 通信成功：メッセージリストをクライアントに送信します。
2026-06-11 09:21:45 [INFO] GETリクエスト(チャット)を受け取りました
2026-06-11 09:21:45 [INFO] 通信成功：メッセージリストをクライアントに送信します。
2026-06-11 09:21:51 [INFO] GETリクエスト(チャット)を受け取りました
2026-06-11 09:21:51 [INFO] 通信成功：メッセージリストをクライアントに送信します。
2026-06-11 09:21:56 [INFO] GETリクエスト(チャット)を受け取りました
2026-06-11 09:21:56 [INFO] 通信成功：メッセージリストをクライアントに送信します。
2026-06-11 09:22:01 [INFO] GETリクエスト(チャット)を受け取りました
2026-06-11 09:22:01 [INFO] 通信成功：メッセージリストをクライアントに送信します。
2026-06-11 09:22:06 [INFO] GETリクエスト(チャット)を受け取りました
2026-06-11 09:22:06 [INFO] 通信成功：メッセージリストをクライアントに送信します。
2026-06-11 09:22:11 [INFO] GETリクエスト(チャット)を受け取りました
2026-06-11 09:22:11 [INFO] 通信成功：メッセージリストをクライアントに送信します。
2026-06-11 09:22:16 [INFO] GETリクエスト(チャット)を受け取りました
2026-06-11 09:22:16 [INFO] 通信成功：メッセージリストをクライアントに送信します。
2026-06-11 09:22:21 [INFO] GETリクエスト(チャット)を受け取りました
2026-06-11 09:22:21 [INFO] 通信成功：メッセージリストをクライアントに送信します。
2026-06-11 09:22:26 [INFO] GETリクエスト(チャット)を受け取りました
2026-06-11 09:22:26 [INFO] 通信成功：メッセージリストをクライアントに送信します。
2026-06-11 09:22:31 [INFO] GETリクエスト(チャット)を受け取りました
2026-06-11 09:22:31 [INFO] 通信成功：メッセージリストをクライアントに送信します。
2026-06-11 09:22:36 [INFO] GETリクエスト(チャット)を受け取りました
2026-06-11 09:22:36 [INFO] 通信成功：メッセージリストをクライアントに送信します。
2026-06-11 09:22:41 [INFO] GETリクエスト(チャット)を受け取りました
2026-06-11 09:22:41 [INFO] 通信成功：メッセージリストをクライアントに送信します。
2026-06-11 09:22:46 [INFO] GETリクエスト(チャット)を受け取りました
2026-06-11 09:22:46 [INFO] 通信成功：メッセージリストをクライアントに送信します。
2026-06-11 09:23:19 [INFO] GETリクエスト(チャット)を受け取りました
2026-06-11 09:23:19 [INFO] 通信成功：メッセージリストをクライアントに送信します。
2026-06-11 09:24:19 [INFO] GETリクエスト(チャット)を受け取りました
2026-06-11 09:24:19 [INFO] 通信成功：メッセージリストをクライアントに送信します。
2026-06-11 09:25:19 [INFO] GETリクエスト(チャット)を受け取りました
2026-06-11 09:25:19 [INFO] 通信成功：メッセージリストをクライアントに送信します。
2026-06-11 09:26:19 [INFO] GETリクエスト(チャット)を受け取りました
2026-06-11 09:26:19 [INFO] 通信成功：メッセージリストをクライアントに送信します。
2026-06-11 09:27:19 [INFO] GETリクエスト(チャット)を受け取りました
2026-06-11 09:27:19 [INFO] 通信成功：メッセージリストをクライアントに送信します。
2026-06-11 09:28:19 [INFO] GETリクエスト(チャット)を受け取りました
2026-06-11 09:28:19 [INFO] 通信成功：メッセージリストをクライアントに送信します。
2026-06-11 09:29:03 [INFO] GETリクエスト(チャット)を受け取りました
2026-06-11 09:29:03 [INFO] 通信成功：メッセージリストをクライアントに送信します。
2026-06-11 09:29:05 [INFO] GETリクエスト(チャット)を受け取りました
2026-06-11 09:29:05 [INFO] 通信成功：メッセージリストをクライアントに送信します。
2026-06-11 09:29:11 [INFO] GETリクエスト(チャット)を受け取りました
2026-06-11 09:29:11 [INFO] 通信成功：メッセージリストをクライアントに送信します。
2026-06-11 09:29:16 [INFO] GETリクエスト(チャット)を受け取りました
2026-06-11 09:29:16 [INFO] 通信成功：メッセージリストをクライアントに送信します。
2026-06-11 09:29:21 [INFO] GETリクエスト(チャット)を受け取りました
2026-06-11 09:29:21 [INFO] 通信成功：メッセージリストをクライアントに送信します。
2026-06-11 09:29:26 [INFO] GETリクエスト(チャット)を受け取りました
2026-06-11 09:29:26 [INFO] 通信成功：メッセージリストをクライアントに送信します。
2026-06-11 09:29:31 [INFO] GETリクエスト(チャット)を受け取りました
2026-06-11 09:29:31 [INFO] 通信成功：メッセージリストをクライアントに送信します。
2026-06-11 09:29:36 [INFO] GETリクエスト(チャット)を受け取りました
2026-06-11 09:29:36 [INFO] 通信成功：メッセージリストをクライアントに送信します。
2026-06-11 09:29:41 [INFO] GETリクエスト(チャット)を受け取りました
2026-06-11 09:29:41 [INFO] 通信成功：メッセージリストをクライアントに送信します。
2026-06-11 09:29:46 [INFO] GETリクエスト(チャット)を受け取りました
2026-06-11 09:29:46 [INFO] 通信成功：メッセージリストをクライアントに送信します。
2026-06-11 09:29:51 [INFO] GETリクエスト(チャット)を受け取りました
2026-06-11 09:29:51 [INFO] 通信成功：メッセージリストをクライアントに送信します。
2026-06-11 09:29:56 [INFO] GETリクエスト(チャット)を受け取りました
2026-06-11 09:29:56 [INFO] 通信成功：メッセージリストをクライアントに送信します。
2026-06-11 09:30:01 [INFO] GETリクエスト(チャット)を受け取りました
2026-06-11 09:30:01 [INFO] 通信成功：メッセージリストをクライアントに送信します。
2026-06-11 09:30:06 [INFO] GETリクエスト(チャット)を受け取りました
2026-06-11 09:30:06 [INFO] 通信成功：メッセージリストをクライアントに送信します。
2026-06-11 09:30:19 [INFO] GETリクエスト(チャット)を受け取りました
2026-06-11 09:30:19 [INFO] 通信成功：メッセージリストをクライアントに送信します。
2026-06-11 09:31:19 [INFO] GETリクエスト(チャット)を受け取りました
2026-06-11 09:31:19 [INFO] 通信成功：メッセージリストをクライアントに送信します。
2026-06-11 09:32:19 [INFO] GETリクエスト(チャット)を受け取りました
2026-06-11 09:32:19 [INFO] 通信成功：メッセージリストをクライアントに送信します。
2026-06-11 09:33:19 [INFO] GETリクエスト(チャット)を受け取りました
2026-06-11 09:33:19 [INFO] 通信成功：メッセージリストをクライアントに送信します。
2026-06-11 09:34:19 [INFO] GETリクエスト(チャット)を受け取りました
2026-06-11 09:34:19 [INFO] 通信成功：メッセージリストをクライアントに送信します。
2026-06-11 09:35:19 [INFO] GETリクエスト(チャット)を受け取りました
2026-06-11 09:35:19 [INFO] 通信成功：メッセージリストをクライアントに送信します。
2026-06-11 09:36:19 [INFO] GETリクエスト(チャット)を受け取りました
2026-06-11 09:36:19 [INFO] 通信成功：メッセージリストをクライアントに送信します。
2026-06-11 09:37:19 [INFO] GETリクエスト(チャット)を受け取りました
2026-06-11 09:37:19 [INFO] 通信成功：メッセージリストをクライアントに送信します。
2026-06-11 09:38:19 [INFO] GETリクエスト(チャット)を受け取りました
2026-06-11 09:38:19 [INFO] 通信成功：メッセージリストをクライアントに送信します。
2026-06-11 09:39:19 [INFO] GETリクエスト(チャット)を受け取りました
2026-06-11 09:39:19 [INFO] 通信成功：メッセージリストをクライアントに送信します。
2026-06-11 09:40:19 [INFO] GETリクエスト(チャット)を受け取りました
2026-06-11 09:40:19 [INFO] 通信成功：メッセージリストをクライアントに送信します。
2026-06-11 09:41:19 [INFO] GETリクエスト(チャット)を受け取りました
2026-06-11 09:41:19 [INFO] 通信成功：メッセージリストをクライアントに送信します。
2026-06-11 09:42:19 [INFO] GETリクエスト(チャット)を受け取りました
2026-06-11 09:42:19 [INFO] 通信成功：メッセージリストをクライアントに送信します。
2026-06-11 09:43:19 [INFO] GETリクエスト(チャット)を受け取りました
2026-06-11 09:43:19 [INFO] 通信成功：メッセージリストをクライアントに送信します。
2026-06-11 09:44:19 [INFO] GETリクエスト(チャット)を受け取りました
2026-06-11 09:44:19 [INFO] 通信成功：メッセージリストをクライアントに送信します。
2026-06-11 09:44:57 [INFO] GETリクエスト(チャット)を受け取りました
2026-06-11 09:44:57 [INFO] 通信成功：メッセージリストをクライアントに送信します。
2026-06-11 09:45:00 [INFO] GETリクエスト(チャット)を受け取りました
2026-06-11 09:45:00 [INFO] 通信成功：メッセージリストをクライアントに送信します。
2026-06-11 09:45:05 [INFO] GETリクエスト(チャット)を受け取りました
2026-06-11 09:45:05 [INFO] 通信成功：メッセージリストをクライアントに送信します。
2026-06-11 09:45:10 [INFO] GETリクエスト(チャット)を受け取りました
2026-06-11 09:45:10 [INFO] 通信成功：メッセージリストをクライアントに送信します。
2026-06-11 09:45:15 [INFO] GETリクエスト(チャット)を受け取りました
2026-06-11 09:45:15 [INFO] 通信成功：メッセージリストをクライアントに送信します。
2026-06-11 09:45:20 [INFO] GETリクエスト(チャット)を受け取りました
2026-06-11 09:45:20 [INFO] 通信成功：メッセージリストをクライアントに送信します。
2026-06-11 09:45:25 [INFO] GETリクエスト(チャット)を受け取りました
2026-06-11 09:45:25 [INFO] 通信成功：メッセージリストをクライアントに送信します。
2026-06-11 09:45:30 [INFO] GETリクエスト(チャット)を受け取りました
2026-06-11 09:45:30 [INFO] 通信成功：メッセージリストをクライアントに送信します。
2026-06-11 09:45:35 [INFO] GETリクエスト(チャット)を受け取りました
2026-06-11 09:45:35 [INFO] 通信成功：メッセージリストをクライアントに送信します。
2026-06-11 09:45:40 [INFO] GETリクエスト(チャット)を受け取りました
2026-06-11 09:45:40 [INFO] 通信成功：メッセージリストをクライアントに送信します。
2026-06-11 09:45:45 [INFO] GETリクエスト(チャット)を受け取りました
2026-06-11 09:45:45 [INFO] 通信成功：メッセージリストをクライアントに送信します。
2026-06-11 09:45:50 [INFO] GETリクエスト(チャット)を受け取りました
2026-06-11 09:45:50 [INFO] 通信成功：メッセージリストをクライアントに送信します。
2026-06-11 09:45:55 [INFO] GETリクエスト(チャット)を受け取りました
2026-06-11 09:45:55 [INFO] 通信成功：メッセージリストをクライアントに送信します。
2026-06-11 09:46:00 [INFO] GETリクエスト(チャット)を受け取りました
2026-06-11 09:46:00 [INFO] 通信成功：メッセージリストをクライアントに送信します。
2026-06-11 09:47:59 [INFO] POSTリクエスト(ユーザ追加)を受け取りました
2026-06-11 09:47:59 [INFO] ユーザー登録成功: UserName=noma, Id=3
2026-06-11 09:50:20 [INFO] POSTリクエスト(ユーザ追加)を受け取りました
2026-06-11 09:50:20 [WARN] ユーザー登録失敗: ユーザー名が重複しています。UserName=noma
2026-06-11 09:50:38 [INFO] POSTリクエスト(ユーザ追加)を受け取りました
2026-06-11 09:50:38 [WARN] ユーザー登録失敗: ユーザー名が重複しています。UserName=Noma
2026-06-11 09:50:39 [INFO] POSTリクエスト(ユーザ追加)を受け取りました
2026-06-11 09:50:39 [WARN] ユーザー登録失敗: ユーザー名が重複しています。UserName=Noma
2026-06-11 09:51:12 [INFO] POSTリクエスト(ユーザ追加)を受け取りました
2026-06-11 09:51:12 [INFO] ユーザー登録成功: UserName=Noma12345, Id=4
2026-06-11 10:00:23 [INFO] POSTリクエスト(ユーザ追加)を受け取りました
2026-06-11 10:00:23 [INFO] ユーザー登録成功: UserName=あいうえおかきくけこさしすせそたちつてとなにぬねのはひふへほ, Id=5
2026-06-11 10:25:44 [INFO] POSTリクエスト(ユーザ追加)を受け取りました
2026-06-11 10:25:45 [INFO] ユーザー登録成功: UserName=Noma321, Id=6
2026-06-11 10:28:52 [INFO] POSTリクエスト(ユーザ追加)を受け取りました
2026-06-11 10:28:52 [INFO] ユーザー登録成功: UserName=Noma4321, Id=7
2026-06-11 10:30:33 [INFO] POSTリクエスト(ユーザ追加)を受け取りました
2026-06-11 10:30:33 [WARN] ユーザー登録失敗: ユーザー名が重複しています。UserName=Noma4321
2026-06-11 10:32:49 [INFO] POSTリクエスト(ログイン)を受け取りました
2026-06-11 10:32:49 [WARN] ログイン失敗: ユーザ名またはパスワードが間違っています。
2026-06-11 10:40:40 [INFO] POSTリクエスト(ログイン)を受け取りました
2026-06-11 10:40:40 [INFO] ログインに成功しました。UserName=Noma4321
2026-06-11 10:40:40 [INFO] GETリクエスト(チャット)を受け取りました
2026-06-11 10:40:40 [INFO] 通信成功：メッセージリストをクライアントに送信します。
2026-06-11 10:40:45 [INFO] GETリクエスト(チャット)を受け取りました
2026-06-11 10:40:45 [INFO] 通信成功：メッセージリストをクライアントに送信します。
2026-06-11 10:40:50 [INFO] GETリクエスト(チャット)を受け取りました
2026-06-11 10:40:50 [INFO] 通信成功：メッセージリストをクライアントに送信します。
2026-06-11 10:40:55 [INFO] GETリクエスト(チャット)を受け取りました
2026-06-11 10:40:55 [INFO] 通信成功：メッセージリストをクライアントに送信します。
2026-06-11 10:41:00 [INFO] GETリクエスト(チャット)を受け取りました
2026-06-11 10:41:00 [INFO] 通信成功：メッセージリストをクライアントに送信します。
2026-06-11 10:41:05 [INFO] GETリクエスト(チャット)を受け取りました
2026-06-11 10:41:05 [INFO] 通信成功：メッセージリストをクライアントに送信します。
2026-06-11 10:41:10 [INFO] GETリクエスト(チャット)を受け取りました
2026-06-11 10:41:10 [INFO] 通信成功：メッセージリストをクライアントに送信します。
2026-06-11 10:41:15 [INFO] GETリクエスト(チャット)を受け取りました
2026-06-11 10:41:15 [INFO] 通信成功：メッセージリストをクライアントに送信します。
2026-06-11 10:41:20 [INFO] GETリクエスト(チャット)を受け取りました
2026-06-11 10:41:20 [INFO] 通信成功：メッセージリストをクライアントに送信します。
2026-06-11 10:41:25 [INFO] GETリクエスト(チャット)を受け取りました
2026-06-11 10:41:25 [INFO] 通信成功：メッセージリストをクライアントに送信します。
2026-06-11 10:41:30 [INFO] GETリクエスト(チャット)を受け取りました
2026-06-11 10:41:30 [INFO] 通信成功：メッセージリストをクライアントに送信します。
2026-06-11 10:41:34 [INFO] POSTリクエスト(チャット)を受け取りました
2026-06-11 10:41:34 [INFO] チャット保存成功: Message=test, Id=1
2026-06-11 10:41:34 [INFO] GETリクエスト(チャット)を受け取りました
2026-06-11 10:41:34 [INFO] 通信成功：メッセージリストをクライアントに送信します。
2026-06-11 10:41:35 [INFO] GETリクエスト(チャット)を受け取りました
2026-06-11 10:41:35 [INFO] 通信成功：メッセージリストをクライアントに送信します。
2026-06-11 10:41:40 [INFO] GETリクエスト(チャット)を受け取りました
2026-06-11 10:41:40 [INFO] 通信成功：メッセージリストをクライアントに送信します。
2026-06-11 10:41:45 [INFO] GETリクエスト(チャット)を受け取りました
2026-06-11 10:41:45 [INFO] 通信成功：メッセージリストをクライアントに送信します。
2026-06-11 10:41:50 [INFO] GETリクエスト(チャット)を受け取りました
2026-06-11 10:41:50 [INFO] 通信成功：メッセージリストをクライアントに送信します。
2026-06-11 10:41:55 [INFO] GETリクエスト(チャット)を受け取りました
2026-06-11 10:41:55 [INFO] 通信成功：メッセージリストをクライアントに送信します。
2026-06-11 10:42:31 [INFO] POSTリクエスト(ログイン)を受け取りました
2026-06-11 10:42:31 [INFO] ログインに成功しました。UserName=Noma12345
2026-06-11 10:42:31 [INFO] GETリクエスト(チャット)を受け取りました
2026-06-11 10:42:31 [INFO] 通信成功：メッセージリストをクライアントに送信します。
2026-06-11 10:42:36 [INFO] GETリクエスト(チャット)を受け取りました
2026-06-11 10:42:36 [INFO] 通信成功：メッセージリストをクライアントに送信します。
2026-06-11 10:42:40 [INFO] POSTリクエスト(チャット)を受け取りました
2026-06-11 10:42:40 [INFO] チャット保存成功: Message=test2, Id=2
2026-06-11 10:42:40 [INFO] GETリクエスト(チャット)を受け取りました
2026-06-11 10:42:40 [INFO] 通信成功：メッセージリストをクライアントに送信します。
2026-06-11 10:42:41 [INFO] GETリクエスト(チャット)を受け取りました
2026-06-11 10:42:41 [INFO] 通信成功：メッセージリストをクライアントに送信します。
2026-06-11 10:42:46 [INFO] GETリクエスト(チャット)を受け取りました
2026-06-11 10:42:46 [INFO] 通信成功：メッセージリストをクライアントに送信します。
2026-06-11 10:43:52 [INFO] POSTリクエスト(ログイン)を受け取りました
2026-06-11 10:43:52 [INFO] ログインに成功しました。UserName=あいうえおかきくけこさしすせそたちつてとなにぬねのはひふへほ
2026-06-11 10:43:52 [INFO] GETリクエスト(チャット)を受け取りました
2026-06-11 10:43:52 [INFO] 通信成功：メッセージリストをクライアントに送信します。
2026-06-11 10:43:57 [INFO] GETリクエスト(チャット)を受け取りました
2026-06-11 10:43:57 [INFO] 通信成功：メッセージリストをクライアントに送信します。
2026-06-11 10:44:02 [INFO] GETリクエスト(チャット)を受け取りました
2026-06-11 10:44:02 [INFO] 通信成功：メッセージリストをクライアントに送信します。
2026-06-11 10:44:07 [INFO] GETリクエスト(チャット)を受け取りました
2026-06-11 10:44:07 [INFO] 通信成功：メッセージリストをクライアントに送信します。
2026-06-11 10:44:12 [INFO] GETリクエスト(チャット)を受け取りました
2026-06-11 10:44:12 [INFO] 通信成功：メッセージリストをクライアントに送信します。
2026-06-11 10:44:17 [INFO] GETリクエスト(チャット)を受け取りました
2026-06-11 10:44:17 [INFO] 通信成功：メッセージリストをクライアントに送信します。
2026-06-11 10:44:22 [INFO] GETリクエスト(チャット)を受け取りました
2026-06-11 10:44:22 [INFO] 通信成功：メッセージリストをクライアントに送信します。
2026-06-11 10:44:27 [INFO] GETリクエスト(チャット)を受け取りました
2026-06-11 10:44:27 [INFO] 通信成功：メッセージリストをクライアントに送信します。
2026-06-11 10:44:32 [INFO] GETリクエスト(チャット)を受け取りました
2026-06-11 10:44:32 [INFO] 通信成功：メッセージリストをクライアントに送信します。
2026-06-11 10:44:35 [INFO] POSTリクエスト(チャット)を受け取りました
2026-06-11 10:44:35 [INFO] チャット保存成功: Message=test3, Id=3
2026-06-11 10:44:35 [INFO] GETリクエスト(チャット)を受け取りました
2026-06-11 10:44:35 [INFO] 通信成功：メッセージリストをクライアントに送信します。
2026-06-11 10:44:37 [INFO] GETリクエスト(チャット)を受け取りました
2026-06-11 10:44:37 [INFO] 通信成功：メッセージリストをクライアントに送信します。
2026-06-11 10:44:42 [INFO] GETリクエスト(チャット)を受け取りました
2026-06-11 10:44:42 [INFO] 通信成功：メッセージリストをクライアントに送信します。
2026-06-11 10:44:47 [INFO] GETリクエスト(チャット)を受け取りました
2026-06-11 10:44:47 [INFO] 通信成功：メッセージリストをクライアントに送信します。
2026-06-11 10:44:52 [INFO] GETリクエスト(チャット)を受け取りました
2026-06-11 10:44:52 [INFO] 通信成功：メッセージリストをクライアントに送信します。
2026-06-11 10:44:57 [INFO] GETリクエスト(チャット)を受け取りました
2026-06-11 10:44:57 [INFO] 通信成功：メッセージリストをクライアントに送信します。
2026-06-11 10:45:02 [INFO] GETリクエスト(チャット)を受け取りました
2026-06-11 10:45:02 [INFO] 通信成功：メッセージリストをクライアントに送信します。
2026-06-11 10:45:07 [INFO] GETリクエスト(チャット)を受け取りました
2026-06-11 10:45:07 [INFO] 通信成功：メッセージリストをクライアントに送信します。
2026-06-11 10:45:12 [INFO] GETリクエスト(チャット)を受け取りました
2026-06-11 10:45:12 [INFO] 通信成功：メッセージリストをクライアントに送信します。
2026-06-11 10:45:17 [INFO] GETリクエスト(チャット)を受け取りました
2026-06-11 10:45:17 [INFO] 通信成功：メッセージリストをクライアントに送信します。
2026-06-11 10:45:22 [INFO] GETリクエスト(チャット)を受け取りました
2026-06-11 10:45:22 [INFO] 通信成功：メッセージリストをクライアントに送信します。
2026-06-11 10:45:27 [INFO] GETリクエスト(チャット)を受け取りました
2026-06-11 10:45:27 [INFO] 通信成功：メッセージリストをクライアントに送信します。
2026-06-11 10:45:32 [INFO] GETリクエスト(チャット)を受け取りました
2026-06-11 10:45:32 [INFO] 通信成功：メッセージリストをクライアントに送信します。
2026-06-11 10:45:37 [INFO] GETリクエスト(チャット)を受け取りました
2026-06-11 10:45:37 [INFO] 通信成功：メッセージリストをクライアントに送信します。
2026-06-11 10:45:42 [INFO] GETリクエスト(チャット)を受け取りました
2026-06-11 10:45:42 [INFO] 通信成功：メッセージリストをクライアントに送信します。
2026-06-11 10:45:47 [INFO] GETリクエスト(チャット)を受け取りました
2026-06-11 10:45:47 [INFO] 通信成功：メッセージリストをクライアントに送信します。
2026-06-11 10:45:52 [INFO] GETリクエスト(チャット)を受け取りました
2026-06-11 10:45:52 [INFO] 通信成功：メッセージリストをクライアントに送信します。
2026-06-11 10:45:57 [INFO] GETリクエスト(チャット)を受け取りました
2026-06-11 10:45:57 [INFO] 通信成功：メッセージリストをクライアントに送信します。
2026-06-11 10:46:02 [INFO] GETリクエスト(チャット)を受け取りました
2026-06-11 10:46:02 [INFO] 通信成功：メッセージリストをクライアントに送信します。
2026-06-11 10:46:07 [INFO] GETリクエスト(チャット)を受け取りました
2026-06-11 10:46:07 [INFO] 通信成功：メッセージリストをクライアントに送信します。
2026-06-11 10:46:12 [INFO] GETリクエスト(チャット)を受け取りました
2026-06-11 10:46:12 [INFO] 通信成功：メッセージリストをクライアントに送信します。
2026-06-11 10:46:17 [INFO] GETリクエスト(チャット)を受け取りました
2026-06-11 10:46:17 [INFO] 通信成功：メッセージリストをクライアントに送信します。
2026-06-11 10:46:22 [INFO] GETリクエスト(チャット)を受け取りました
2026-06-11 10:46:22 [INFO] 通信成功：メッセージリストをクライアントに送信します。
2026-06-11 10:46:27 [INFO] GETリクエスト(チャット)を受け取りました
2026-06-11 10:46:27 [INFO] 通信成功：メッセージリストをクライアントに送信します。
2026-06-11 10:46:32 [INFO] GETリクエスト(チャット)を受け取りました
2026-06-11 10:46:32 [INFO] 通信成功：メッセージリストをクライアントに送信します。
2026-06-11 10:46:37 [INFO] GETリクエスト(チャット)を受け取りました
2026-06-11 10:46:37 [INFO] 通信成功：メッセージリストをクライアントに送信します。
2026-06-11 10:46:42 [INFO] GETリクエスト(チャット)を受け取りました
2026-06-11 10:46:42 [INFO] 通信成功：メッセージリストをクライアントに送信します。
2026-06-11 10:46:47 [INFO] GETリクエスト(チャット)を受け取りました
2026-06-11 10:46:47 [INFO] 通信成功：メッセージリストをクライアントに送信します。
2026-06-11 10:46:52 [INFO] GETリクエスト(チャット)を受け取りました
2026-06-11 10:46:52 [INFO] 通信成功：メッセージリストをクライアントに送信します。
2026-06-11 10:46:57 [INFO] GETリクエスト(チャット)を受け取りました
2026-06-11 10:46:57 [INFO] 通信成功：メッセージリストをクライアントに送信します。
2026-06-11 10:47:02 [INFO] GETリクエスト(チャット)を受け取りました
2026-06-11 10:47:02 [INFO] 通信成功：メッセージリストをクライアントに送信します。
2026-06-11 10:47:07 [INFO] GETリクエスト(チャット)を受け取りました
2026-06-11 10:47:07 [INFO] 通信成功：メッセージリストをクライアントに送信します。
2026-06-11 10:47:12 [INFO] GETリクエスト(チャット)を受け取りました
2026-06-11 10:47:12 [INFO] 通信成功：メッセージリストをクライアントに送信します。
2026-06-11 10:47:17 [INFO] GETリクエスト(チャット)を受け取りました
2026-06-11 10:47:17 [INFO] 通信成功：メッセージリストをクライアントに送信します。
2026-06-11 10:47:22 [INFO] GETリクエスト(チャット)を受け取りました
2026-06-11 10:47:22 [INFO] 通信成功：メッセージリストをクライアントに送信します。
2026-06-11 10:47:27 [INFO] GETリクエスト(チャット)を受け取りました
2026-06-11 10:47:27 [INFO] 通信成功：メッセージリストをクライアントに送信します。
2026-06-11 10:47:32 [INFO] GETリクエスト(チャット)を受け取りました
2026-06-11 10:47:32 [INFO] 通信成功：メッセージリストをクライアントに送信します。
2026-06-11 10:47:37 [INFO] GETリクエスト(チャット)を受け取りました
2026-06-11 10:47:37 [INFO] 通信成功：メッセージリストをクライアントに送信します。
2026-06-11 10:47:42 [INFO] GETリクエスト(チャット)を受け取りました
2026-06-11 10:47:42 [INFO] 通信成功：メッセージリストをクライアントに送信します。
2026-06-11 10:47:47 [INFO] GETリクエスト(チャット)を受け取りました
2026-06-11 10:47:47 [INFO] 通信成功：メッセージリストをクライアントに送信します。
2026-06-11 10:47:52 [INFO] GETリクエスト(チャット)を受け取りました
2026-06-11 10:47:52 [INFO] 通信成功：メッセージリストをクライアントに送信します。
2026-06-11 10:47:57 [INFO] GETリクエスト(チャット)を受け取りました
2026-06-11 10:47:57 [INFO] 通信成功：メッセージリストをクライアントに送信します。
2026-06-11 10:48:02 [INFO] GETリクエスト(チャット)を受け取りました
2026-06-11 10:48:02 [INFO] 通信成功：メッセージリストをクライアントに送信します。
2026-06-11 10:48:07 [INFO] GETリクエスト(チャット)を受け取りました
2026-06-11 10:48:07 [INFO] 通信成功：メッセージリストをクライアントに送信します。
2026-06-11 10:48:12 [INFO] GETリクエスト(チャット)を受け取りました
2026-06-11 10:48:12 [INFO] 通信成功：メッセージリストをクライアントに送信します。
2026-06-11 10:48:17 [INFO] GETリクエスト(チャット)を受け取りました
2026-06-11 10:48:17 [INFO] 通信成功：メッセージリストをクライアントに送信します。
2026-06-11 10:48:22 [INFO] GETリクエスト(チャット)を受け取りました
2026-06-11 10:48:22 [INFO] 通信成功：メッセージリストをクライアントに送信します。
2026-06-11 10:48:27 [INFO] GETリクエスト(チャット)を受け取りました
2026-06-11 10:48:27 [INFO] 通信成功：メッセージリストをクライアントに送信します。
2026-06-11 10:48:32 [INFO] GETリクエスト(チャット)を受け取りました
2026-06-11 10:48:32 [INFO] 通信成功：メッセージリストをクライアントに送信します。
2026-06-11 10:48:37 [INFO] GETリクエスト(チャット)を受け取りました
2026-06-11 10:48:37 [INFO] 通信成功：メッセージリストをクライアントに送信します。
2026-06-11 10:48:42 [INFO] GETリクエスト(チャット)を受け取りました
2026-06-11 10:48:42 [INFO] 通信成功：メッセージリストをクライアントに送信します。
2026-06-11 10:48:47 [INFO] GETリクエスト(チャット)を受け取りました
2026-06-11 10:48:47 [INFO] 通信成功：メッセージリストをクライアントに送信します。
2026-06-11 10:48:52 [INFO] GETリクエスト(チャット)を受け取りました
2026-06-11 10:48:52 [INFO] 通信成功：メッセージリストをクライアントに送信します。
2026-06-11 10:48:57 [INFO] GETリクエスト(チャット)を受け取りました
2026-06-11 10:48:57 [INFO] 通信成功：メッセージリストをクライアントに送信します。
2026-06-11 10:49:02 [INFO] GETリクエスト(チャット)を受け取りました
2026-06-11 10:49:02 [INFO] 通信成功：メッセージリストをクライアントに送信します。
2026-06-11 10:49:07 [INFO] GETリクエスト(チャット)を受け取りました
2026-06-11 10:49:07 [INFO] 通信成功：メッセージリストをクライアントに送信します。
2026-06-11 10:49:12 [INFO] GETリクエスト(チャット)を受け取りました
2026-06-11 10:49:12 [INFO] 通信成功：メッセージリストをクライアントに送信します。
2026-06-11 10:49:17 [INFO] GETリクエスト(チャット)を受け取りました
2026-06-11 10:49:17 [INFO] 通信成功：メッセージリストをクライアントに送信します。
2026-06-11 10:49:22 [INFO] GETリクエスト(チャット)を受け取りました
2026-06-11 10:49:22 [INFO] 通信成功：メッセージリストをクライアントに送信します。
2026-06-11 10:49:27 [INFO] GETリクエスト(チャット)を受け取りました
2026-06-11 10:49:27 [INFO] 通信成功：メッセージリストをクライアントに送信します。
2026-06-11 10:49:32 [INFO] GETリクエスト(チャット)を受け取りました
2026-06-11 10:49:32 [INFO] 通信成功：メッセージリストをクライアントに送信します。
2026-06-11 10:49:37 [INFO] GETリクエスト(チャット)を受け取りました
2026-06-11 10:49:37 [INFO] 通信成功：メッセージリストをクライアントに送信します。
2026-06-11 10:49:42 [INFO] GETリクエスト(チャット)を受け取りました
2026-06-11 10:49:42 [INFO] 通信成功：メッセージリストをクライアントに送信します。
2026-06-11 10:49:47 [INFO] GETリクエスト(チャット)を受け取りました
2026-06-11 10:49:47 [INFO] 通信成功：メッセージリストをクライアントに送信します。
2026-06-11 10:49:52 [INFO] GETリクエスト(チャット)を受け取りました
2026-06-11 10:49:52 [INFO] 通信成功：メッセージリストをクライアントに送信します。
2026-06-11 10:49:57 [INFO] GETリクエスト(チャット)を受け取りました
2026-06-11 10:49:57 [INFO] 通信成功：メッセージリストをクライアントに送信します。
2026-06-11 10:50:02 [INFO] GETリクエスト(チャット)を受け取りました
2026-06-11 10:50:02 [INFO] 通信成功：メッセージリストをクライアントに送信します。
2026-06-11 10:50:07 [INFO] GETリクエスト(チャット)を受け取りました
2026-06-11 10:50:07 [INFO] 通信成功：メッセージリストをクライアントに送信します。
2026-06-11 10:50:12 [INFO] GETリクエスト(チャット)を受け取りました
2026-06-11 10:50:12 [INFO] 通信成功：メッセージリストをクライアントに送信します。
2026-06-11 10:50:17 [INFO] GETリクエスト(チャット)を受け取りました
2026-06-11 10:50:17 [INFO] 通信成功：メッセージリストをクライアントに送信します。
2026-06-11 10:50:22 [INFO] GETリクエスト(チャット)を受け取りました
2026-06-11 10:50:22 [INFO] 通信成功：メッセージリストをクライアントに送信します。
2026-06-11 10:50:27 [INFO] GETリクエスト(チャット)を受け取りました
2026-06-11 10:50:27 [INFO] 通信成功：メッセージリストをクライアントに送信します。
2026-06-11 10:50:32 [INFO] GETリクエスト(チャット)を受け取りました
2026-06-11 10:50:32 [INFO] 通信成功：メッセージリストをクライアントに送信します。
2026-06-11 10:50:37 [INFO] GETリクエスト(チャット)を受け取りました
2026-06-11 10:50:37 [INFO] 通信成功：メッセージリストをクライアントに送信します。
2026-06-11 10:50:42 [INFO] GETリクエスト(チャット)を受け取りました
2026-06-11 10:50:42 [INFO] 通信成功：メッセージリストをクライアントに送信します。
2026-06-11 10:50:47 [INFO] GETリクエスト(チャット)を受け取りました
2026-06-11 10:50:47 [INFO] 通信成功：メッセージリストをクライアントに送信します。
2026-06-11 10:50:52 [INFO] GETリクエスト(チャット)を受け取りました
2026-06-11 10:50:52 [INFO] 通信成功：メッセージリストをクライアントに送信します。
2026-06-11 10:50:57 [INFO] GETリクエスト(チャット)を受け取りました
2026-06-11 10:50:57 [INFO] 通信成功：メッセージリストをクライアントに送信します。
2026-06-11 10:51:02 [INFO] GETリクエスト(チャット)を受け取りました
2026-06-11 10:51:02 [INFO] 通信成功：メッセージリストをクライアントに送信します。
2026-06-11 10:51:07 [INFO] GETリクエスト(チャット)を受け取りました
2026-06-11 10:51:07 [INFO] 通信成功：メッセージリストをクライアントに送信します。
2026-06-11 10:51:12 [INFO] GETリクエスト(チャット)を受け取りました
2026-06-11 10:51:12 [INFO] 通信成功：メッセージリストをクライアントに送信します。
2026-06-11 10:51:17 [INFO] GETリクエスト(チャット)を受け取りました
2026-06-11 10:51:17 [INFO] 通信成功：メッセージリストをクライアントに送信します。
2026-06-11 10:51:22 [INFO] GETリクエスト(チャット)を受け取りました
2026-06-11 10:51:22 [INFO] 通信成功：メッセージリストをクライアントに送信します。
2026-06-11 10:51:27 [INFO] GETリクエスト(チャット)を受け取りました
2026-06-11 10:51:27 [INFO] 通信成功：メッセージリストをクライアントに送信します。
2026-06-11 10:51:32 [INFO] GETリクエスト(チャット)を受け取りました
2026-06-11 10:51:32 [INFO] 通信成功：メッセージリストをクライアントに送信します。
2026-06-11 10:51:37 [INFO] GETリクエスト(チャット)を受け取りました
2026-06-11 10:51:37 [INFO] 通信成功：メッセージリストをクライアントに送信します。
2026-06-11 10:51:42 [INFO] GETリクエスト(チャット)を受け取りました
2026-06-11 10:51:42 [INFO] 通信成功：メッセージリストをクライアントに送信します。
2026-06-11 10:51:47 [INFO] GETリクエスト(チャット)を受け取りました
2026-06-11 10:51:47 [INFO] 通信成功：メッセージリストをクライアントに送信します。
2026-06-11 10:51:52 [INFO] GETリクエスト(チャット)を受け取りました
2026-06-11 10:51:52 [INFO] 通信成功：メッセージリストをクライアントに送信します。
2026-06-11 10:51:57 [INFO] GETリクエスト(チャット)を受け取りました
2026-06-11 10:51:57 [INFO] 通信成功：メッセージリストをクライアントに送信します。
2026-06-11 10:52:02 [INFO] GETリクエスト(チャット)を受け取りました
2026-06-11 10:52:02 [INFO] 通信成功：メッセージリストをクライアントに送信します。
2026-06-11 10:52:07 [INFO] GETリクエスト(チャット)を受け取りました
2026-06-11 10:52:07 [INFO] 通信成功：メッセージリストをクライアントに送信します。
2026-06-11 10:52:12 [INFO] GETリクエスト(チャット)を受け取りました
2026-06-11 10:52:12 [INFO] 通信成功：メッセージリストをクライアントに送信します。
2026-06-11 10:52:17 [INFO] GETリクエスト(チャット)を受け取りました
2026-06-11 10:52:17 [INFO] 通信成功：メッセージリストをクライアントに送信します。
2026-06-11 10:52:22 [INFO] GETリクエスト(チャット)を受け取りました
2026-06-11 10:52:22 [INFO] 通信成功：メッセージリストをクライアントに送信します。
2026-06-11 10:52:27 [INFO] GETリクエスト(チャット)を受け取りました
2026-06-11 10:52:27 [INFO] 通信成功：メッセージリストをクライアントに送信します。
2026-06-11 10:52:32 [INFO] GETリクエスト(チャット)を受け取りました
2026-06-11 10:52:32 [INFO] 通信成功：メッセージリストをクライアントに送信します。
2026-06-11 10:52:37 [INFO] GETリクエスト(チャット)を受け取りました
2026-06-11 10:52:37 [INFO] 通信成功：メッセージリストをクライアントに送信します。
2026-06-11 10:52:42 [INFO] GETリクエスト(チャット)を受け取りました
2026-06-11 10:52:42 [INFO] 通信成功：メッセージリストをクライアントに送信します。
2026-06-11 10:52:47 [INFO] GETリクエスト(チャット)を受け取りました
2026-06-11 10:52:47 [INFO] 通信成功：メッセージリストをクライアントに送信します。
2026-06-11 10:52:52 [INFO] GETリクエスト(チャット)を受け取りました
2026-06-11 10:52:52 [INFO] 通信成功：メッセージリストをクライアントに送信します。
2026-06-11 10:52:57 [INFO] GETリクエスト(チャット)を受け取りました
2026-06-11 10:52:57 [INFO] 通信成功：メッセージリストをクライアントに送信します。
2026-06-11 10:53:02 [INFO] GETリクエスト(チャット)を受け取りました
2026-06-11 10:53:02 [INFO] 通信成功：メッセージリストをクライアントに送信します。
2026-06-11 10:53:07 [INFO] GETリクエスト(チャット)を受け取りました
2026-06-11 10:53:07 [INFO] 通信成功：メッセージリストをクライアントに送信します。
2026-06-11 10:53:12 [INFO] GETリクエスト(チャット)を受け取りました
2026-06-11 10:53:12 [INFO] 通信成功：メッセージリストをクライアントに送信します。
2026-06-11 10:53:17 [INFO] GETリクエスト(チャット)を受け取りました
2026-06-11 10:53:17 [INFO] 通信成功：メッセージリストをクライアントに送信します。
2026-06-11 10:53:22 [INFO] GETリクエスト(チャット)を受け取りました
2026-06-11 10:53:22 [INFO] 通信成功：メッセージリストをクライアントに送信します。
2026-06-11 10:53:27 [INFO] GETリクエスト(チャット)を受け取りました
2026-06-11 10:53:27 [INFO] 通信成功：メッセージリストをクライアントに送信します。
2026-06-11 10:53:32 [INFO] GETリクエスト(チャット)を受け取りました
2026-06-11 10:53:32 [INFO] 通信成功：メッセージリストをクライアントに送信します。
2026-06-11 10:53:37 [INFO] GETリクエスト(チャット)を受け取りました
2026-06-11 10:53:37 [INFO] 通信成功：メッセージリストをクライアントに送信します。
2026-06-11 10:53:42 [INFO] GETリクエスト(チャット)を受け取りました
2026-06-11 10:53:42 [INFO] 通信成功：メッセージリストをクライアントに送信します。
2026-06-11 10:53:47 [INFO] GETリクエスト(チャット)を受け取りました
2026-06-11 10:53:47 [INFO] 通信成功：メッセージリストをクライアントに送信します。
2026-06-11 10:53:52 [INFO] GETリクエスト(チャット)を受け取りました
2026-06-11 10:53:52 [INFO] 通信成功：メッセージリストをクライアントに送信します。
2026-06-11 10:53:57 [INFO] GETリクエスト(チャット)を受け取りました
2026-06-11 10:53:57 [INFO] 通信成功：メッセージリストをクライアントに送信します。
2026-06-11 10:54:02 [INFO] GETリクエスト(チャット)を受け取りました
2026-06-11 10:54:02 [INFO] 通信成功：メッセージリストをクライアントに送信します。
2026-06-11 10:54:07 [INFO] GETリクエスト(チャット)を受け取りました
2026-06-11 10:54:07 [INFO] 通信成功：メッセージリストをクライアントに送信します。
2026-06-11 10:54:12 [INFO] GETリクエスト(チャット)を受け取りました
2026-06-11 10:54:12 [INFO] 通信成功：メッセージリストをクライアントに送信します。
2026-06-11 10:54:17 [INFO] GETリクエスト(チャット)を受け取りました
2026-06-11 10:54:17 [INFO] 通信成功：メッセージリストをクライアントに送信します。
2026-06-11 10:54:22 [INFO] GETリクエスト(チャット)を受け取りました
2026-06-11 10:54:22 [INFO] 通信成功：メッセージリストをクライアントに送信します。
2026-06-11 10:54:27 [INFO] GETリクエスト(チャット)を受け取りました
2026-06-11 10:54:27 [INFO] 通信成功：メッセージリストをクライアントに送信します。
2026-06-11 10:54:32 [INFO] GETリクエスト(チャット)を受け取りました
2026-06-11 10:54:32 [INFO] 通信成功：メッセージリストをクライアントに送信します。
2026-06-11 10:54:37 [INFO] GETリクエスト(チャット)を受け取りました
2026-06-11 10:54:37 [INFO] 通信成功：メッセージリストをクライアントに送信します。
2026-06-11 10:54:42 [INFO] GETリクエスト(チャット)を受け取りました
2026-06-11 10:54:42 [INFO] 通信成功：メッセージリストをクライアントに送信します。
2026-06-11 10:55:18 [INFO] GETリクエスト(チャット)を受け取りました
2026-06-11 10:55:18 [INFO] 通信成功：メッセージリストをクライアントに送信します。
2026-06-11 10:56:18 [INFO] GETリクエスト(チャット)を受け取りました
2026-06-11 10:56:18 [INFO] 通信成功：メッセージリストをクライアントに送信します。
2026-06-11 10:57:18 [INFO] GETリクエスト(チャット)を受け取りました
2026-06-11 10:57:18 [INFO] 通信成功：メッセージリストをクライアントに送信します。
2026-06-11 10:58:02 [INFO] POSTリクエスト(ログイン)を受け取りました
2026-06-11 10:58:02 [INFO] ログインに成功しました。UserName=Noma12345
2026-06-11 10:58:02 [INFO] GETリクエスト(チャット)を受け取りました
2026-06-11 10:58:02 [INFO] 通信成功：メッセージリストをクライアントに送信します。
2026-06-11 10:58:07 [INFO] GETリクエスト(チャット)を受け取りました
2026-06-11 10:58:07 [INFO] 通信成功：メッセージリストをクライアントに送信します。
2026-06-11 10:58:12 [INFO] GETリクエスト(チャット)を受け取りました
2026-06-11 10:58:12 [INFO] 通信成功：メッセージリストをクライアントに送信します。
2026-06-11 10:58:17 [INFO] GETリクエスト(チャット)を受け取りました
2026-06-11 10:58:17 [INFO] 通信成功：メッセージリストをクライアントに送信します。
2026-06-11 10:58:22 [INFO] GETリクエスト(チャット)を受け取りました
2026-06-11 10:58:22 [INFO] 通信成功：メッセージリストをクライアントに送信します。
2026-06-11 10:58:27 [INFO] GETリクエスト(チャット)を受け取りました
2026-06-11 10:58:27 [INFO] 通信成功：メッセージリストをクライアントに送信します。
2026-06-11 10:58:32 [INFO] GETリクエスト(チャット)を受け取りました
2026-06-11 10:58:32 [INFO] 通信成功：メッセージリストをクライアントに送信します。
2026-06-11 10:58:37 [INFO] GETリクエスト(チャット)を受け取りました
2026-06-11 10:58:37 [INFO] 通信成功：メッセージリストをクライアントに送信します。
2026-06-11 10:58:42 [INFO] GETリクエスト(チャット)を受け取りました
2026-06-11 10:58:42 [INFO] 通信成功：メッセージリストをクライアントに送信します。
2026-06-11 10:58:47 [INFO] GETリクエスト(チャット)を受け取りました
2026-06-11 10:58:47 [INFO] 通信成功：メッセージリストをクライアントに送信します。
2026-06-11 10:58:52 [INFO] GETリクエスト(チャット)を受け取りました
2026-06-11 10:58:52 [INFO] 通信成功：メッセージリストをクライアントに送信します。
2026-06-11 10:58:57 [INFO] GETリクエスト(チャット)を受け取りました
2026-06-11 10:58:57 [INFO] 通信成功：メッセージリストをクライアントに送信します。
2026-06-11 10:59:02 [INFO] GETリクエスト(チャット)を受け取りました
2026-06-11 10:59:02 [INFO] 通信成功：メッセージリストをクライアントに送信します。
2026-06-11 10:59:07 [INFO] GETリクエスト(チャット)を受け取りました
2026-06-11 10:59:07 [INFO] 通信成功：メッセージリストをクライアントに送信します。
2026-06-11 10:59:12 [INFO] GETリクエスト(チャット)を受け取りました
2026-06-11 10:59:12 [INFO] 通信成功：メッセージリストをクライアントに送信します。
2026-06-11 10:59:18 [INFO] GETリクエスト(チャット)を受け取りました
2026-06-11 10:59:18 [INFO] 通信成功：メッセージリストをクライアントに送信します。
2026-06-11 10:59:54 [INFO] GETリクエスト(チャット)を受け取りました
2026-06-11 10:59:54 [INFO] 通信成功：メッセージリストをクライアントに送信します。
2026-06-11 10:59:56 [INFO] POSTリクエスト(チャット)を受け取りました
2026-06-11 10:59:56 [INFO] チャット保存成功: Message=[050文字]1234567890123456789012345678901234567890[100文字]1234567890123456789012345678901234567890[150文字]1234567890123456789012345678901234567890[200文字]1234567890123456789012345678901234567890[250文字]1234567890123456789012345678901234567890[300文字]1234567890123456789012345678901234567890[350文字]1234567890123456789012345678901234567890[400文字]1234567890123456789012345678901234567890, Id=4
2026-06-11 10:59:56 [INFO] GETリクエスト(チャット)を受け取りました
2026-06-11 10:59:56 [INFO] 通信成功：メッセージリストをクライアントに送信します。
2026-06-11 10:59:57 [INFO] GETリクエスト(チャット)を受け取りました
2026-06-11 10:59:57 [INFO] 通信成功：メッセージリストをクライアントに送信します。
2026-06-11 11:00:02 [INFO] GETリクエスト(チャット)を受け取りました
2026-06-11 11:00:02 [INFO] 通信成功：メッセージリストをクライアントに送信します。
2026-06-11 11:00:07 [INFO] GETリクエスト(チャット)を受け取りました
2026-06-11 11:00:07 [INFO] 通信成功：メッセージリストをクライアントに送信します。
2026-06-11 11:00:12 [INFO] GETリクエスト(チャット)を受け取りました
2026-06-11 11:00:12 [INFO] 通信成功：メッセージリストをクライアントに送信します。
2026-06-11 11:00:17 [INFO] GETリクエスト(チャット)を受け取りました
2026-06-11 11:00:17 [INFO] 通信成功：メッセージリストをクライアントに送信します。
2026-06-11 11:00:22 [INFO] GETリクエスト(チャット)を受け取りました
2026-06-11 11:00:22 [INFO] 通信成功：メッセージリストをクライアントに送信します。
2026-06-11 11:00:27 [INFO] GETリクエスト(チャット)を受け取りました
2026-06-11 11:00:27 [INFO] 通信成功：メッセージリストをクライアントに送信します。
2026-06-11 11:00:32 [INFO] GETリクエスト(チャット)を受け取りました
2026-06-11 11:00:32 [INFO] 通信成功：メッセージリストをクライアントに送信します。
2026-06-11 11:00:37 [INFO] GETリクエスト(チャット)を受け取りました
2026-06-11 11:00:37 [INFO] 通信成功：メッセージリストをクライアントに送信します。
2026-06-11 11:00:42 [INFO] GETリクエスト(チャット)を受け取りました
2026-06-11 11:00:42 [INFO] 通信成功：メッセージリストをクライアントに送信します。
2026-06-11 11:00:47 [INFO] GETリクエスト(チャット)を受け取りました
2026-06-11 11:00:47 [INFO] 通信成功：メッセージリストをクライアントに送信します。
2026-06-11 11:00:52 [INFO] GETリクエスト(チャット)を受け取りました
2026-06-11 11:00:52 [INFO] 通信成功：メッセージリストをクライアントに送信します。
2026-06-11 11:00:57 [INFO] GETリクエスト(チャット)を受け取りました
2026-06-11 11:00:57 [INFO] 通信成功：メッセージリストをクライアントに送信します。
2026-06-11 11:01:02 [INFO] GETリクエスト(チャット)を受け取りました
2026-06-11 11:01:02 [INFO] 通信成功：メッセージリストをクライアントに送信します。
2026-06-11 11:01:07 [INFO] GETリクエスト(チャット)を受け取りました
2026-06-11 11:01:07 [INFO] 通信成功：メッセージリストをクライアントに送信します。
2026-06-11 11:01:12 [INFO] GETリクエスト(チャット)を受け取りました
2026-06-11 11:01:12 [INFO] 通信成功：メッセージリストをクライアントに送信します。
2026-06-11 11:01:17 [INFO] GETリクエスト(チャット)を受け取りました
2026-06-11 11:01:17 [INFO] 通信成功：メッセージリストをクライアントに送信します。
2026-06-11 11:01:22 [INFO] GETリクエスト(チャット)を受け取りました
2026-06-11 11:01:22 [INFO] 通信成功：メッセージリストをクライアントに送信します。
2026-06-11 11:01:27 [INFO] GETリクエスト(チャット)を受け取りました
2026-06-11 11:01:27 [INFO] 通信成功：メッセージリストをクライアントに送信します。
2026-06-11 11:01:32 [INFO] GETリクエスト(チャット)を受け取りました
2026-06-11 11:01:32 [INFO] 通信成功：メッセージリストをクライアントに送信します。
2026-06-11 11:01:37 [INFO] GETリクエスト(チャット)を受け取りました
2026-06-11 11:01:37 [INFO] 通信成功：メッセージリストをクライアントに送信します。
2026-06-11 11:01:42 [INFO] GETリクエスト(チャット)を受け取りました
2026-06-11 11:01:42 [INFO] 通信成功：メッセージリストをクライアントに送信します。
2026-06-11 11:01:47 [INFO] GETリクエスト(チャット)を受け取りました
2026-06-11 11:01:47 [INFO] 通信成功：メッセージリストをクライアントに送信します。
2026-06-11 11:01:52 [INFO] GETリクエスト(チャット)を受け取りました
2026-06-11 11:01:52 [INFO] 通信成功：メッセージリストをクライアントに送信します。
2026-06-11 11:01:57 [INFO] GETリクエスト(チャット)を受け取りました
2026-06-11 11:01:57 [INFO] 通信成功：メッセージリストをクライアントに送信します。
2026-06-11 11:02:02 [INFO] GETリクエスト(チャット)を受け取りました
2026-06-11 11:02:02 [INFO] 通信成功：メッセージリストをクライアントに送信します。
2026-06-11 11:02:07 [INFO] GETリクエスト(チャット)を受け取りました
2026-06-11 11:02:07 [INFO] 通信成功：メッセージリストをクライアントに送信します。
2026-06-11 11:02:12 [INFO] GETリクエスト(チャット)を受け取りました
2026-06-11 11:02:12 [INFO] 通信成功：メッセージリストをクライアントに送信します。
2026-06-11 11:02:17 [INFO] GETリクエスト(チャット)を受け取りました
2026-06-11 11:02:17 [INFO] 通信成功：メッセージリストをクライアントに送信します。
2026-06-11 11:02:22 [INFO] GETリクエスト(チャット)を受け取りました
2026-06-11 11:02:22 [INFO] 通信成功：メッセージリストをクライアントに送信します。
2026-06-11 11:02:27 [INFO] GETリクエスト(チャット)を受け取りました
2026-06-11 11:02:27 [INFO] 通信成功：メッセージリストをクライアントに送信します。
2026-06-11 11:02:32 [INFO] GETリクエスト(チャット)を受け取りました
2026-06-11 11:02:32 [INFO] 通信成功：メッセージリストをクライアントに送信します。
2026-06-11 11:02:37 [INFO] GETリクエスト(チャット)を受け取りました
2026-06-11 11:02:37 [INFO] 通信成功：メッセージリストをクライアントに送信します。
2026-06-11 11:02:42 [INFO] GETリクエスト(チャット)を受け取りました
2026-06-11 11:02:42 [INFO] 通信成功：メッセージリストをクライアントに送信します。
2026-06-11 11:02:47 [INFO] GETリクエスト(チャット)を受け取りました
2026-06-11 11:02:47 [INFO] 通信成功：メッセージリストをクライアントに送信します。
2026-06-11 11:02:52 [INFO] GETリクエスト(チャット)を受け取りました
2026-06-11 11:02:52 [INFO] 通信成功：メッセージリストをクライアントに送信します。
2026-06-11 11:02:57 [INFO] GETリクエスト(チャット)を受け取りました
2026-06-11 11:02:57 [INFO] 通信成功：メッセージリストをクライアントに送信します。
2026-06-11 11:03:02 [INFO] GETリクエスト(チャット)を受け取りました
2026-06-11 11:03:02 [INFO] 通信成功：メッセージリストをクライアントに送信します。
2026-06-11 11:03:07 [INFO] GETリクエスト(チャット)を受け取りました
2026-06-11 11:03:07 [INFO] 通信成功：メッセージリストをクライアントに送信します。
2026-06-11 11:03:12 [INFO] GETリクエスト(チャット)を受け取りました
2026-06-11 11:03:12 [INFO] 通信成功：メッセージリストをクライアントに送信します。
2026-06-11 11:03:17 [INFO] GETリクエスト(チャット)を受け取りました
2026-06-11 11:03:17 [INFO] 通信成功：メッセージリストをクライアントに送信します。
2026-06-11 11:03:22 [INFO] GETリクエスト(チャット)を受け取りました
2026-06-11 11:03:22 [INFO] 通信成功：メッセージリストをクライアントに送信します。
2026-06-11 11:03:27 [INFO] GETリクエスト(チャット)を受け取りました
2026-06-11 11:03:27 [INFO] 通信成功：メッセージリストをクライアントに送信します。
2026-06-11 11:03:32 [INFO] GETリクエスト(チャット)を受け取りました
2026-06-11 11:03:32 [INFO] 通信成功：メッセージリストをクライアントに送信します。
2026-06-11 11:03:37 [INFO] GETリクエスト(チャット)を受け取りました
2026-06-11 11:03:37 [INFO] 通信成功：メッセージリストをクライアントに送信します。
2026-06-11 11:03:42 [INFO] GETリクエスト(チャット)を受け取りました
2026-06-11 11:03:42 [INFO] 通信成功：メッセージリストをクライアントに送信します。
2026-06-11 11:03:47 [INFO] GETリクエスト(チャット)を受け取りました
2026-06-11 11:03:47 [INFO] 通信成功：メッセージリストをクライアントに送信します。
2026-06-11 11:03:52 [INFO] GETリクエスト(チャット)を受け取りました
2026-06-11 11:03:52 [INFO] 通信成功：メッセージリストをクライアントに送信します。
2026-06-11 11:03:57 [INFO] GETリクエスト(チャット)を受け取りました
2026-06-11 11:03:57 [INFO] 通信成功：メッセージリストをクライアントに送信します。
2026-06-11 11:04:02 [INFO] GETリクエスト(チャット)を受け取りました
2026-06-11 11:04:02 [INFO] 通信成功：メッセージリストをクライアントに送信します。
2026-06-11 11:04:07 [INFO] GETリクエスト(チャット)を受け取りました
2026-06-11 11:04:07 [INFO] 通信成功：メッセージリストをクライアントに送信します。
2026-06-11 11:04:12 [INFO] GETリクエスト(チャット)を受け取りました
2026-06-11 11:04:12 [INFO] 通信成功：メッセージリストをクライアントに送信します。
2026-06-11 11:04:18 [INFO] GETリクエスト(チャット)を受け取りました
2026-06-11 11:04:18 [INFO] 通信成功：メッセージリストをクライアントに送信します。
2026-06-11 11:05:18 [INFO] GETリクエスト(チャット)を受け取りました
2026-06-11 11:05:18 [INFO] 通信成功：メッセージリストをクライアントに送信します。
2026-06-11 11:06:18 [INFO] GETリクエスト(チャット)を受け取りました
2026-06-11 11:06:18 [INFO] 通信成功：メッセージリストをクライアントに送信します。
2026-06-11 11:07:18 [INFO] GETリクエスト(チャット)を受け取りました
2026-06-11 11:07:18 [INFO] 通信成功：メッセージリストをクライアントに送信します。
2026-06-11 11:08:06 [INFO] GETリクエスト(チャット)を受け取りました
2026-06-11 11:08:06 [INFO] 通信成功：メッセージリストをクライアントに送信します。
2026-06-11 11:08:07 [INFO] GETリクエスト(チャット)を受け取りました
2026-06-11 11:08:07 [INFO] 通信成功：メッセージリストをクライアントに送信します。
2026-06-11 11:08:12 [INFO] GETリクエスト(チャット)を受け取りました
2026-06-11 11:08:12 [INFO] 通信成功：メッセージリストをクライアントに送信します。
2026-06-11 11:08:17 [INFO] GETリクエスト(チャット)を受け取りました
2026-06-11 11:08:17 [INFO] 通信成功：メッセージリストをクライアントに送信します。
2026-06-11 11:08:22 [INFO] GETリクエスト(チャット)を受け取りました
2026-06-11 11:08:22 [INFO] 通信成功：メッセージリストをクライアントに送信します。
2026-06-11 11:08:27 [INFO] GETリクエスト(チャット)を受け取りました
2026-06-11 11:08:27 [INFO] 通信成功：メッセージリストをクライアントに送信します。
2026-06-11 11:08:32 [INFO] GETリクエスト(チャット)を受け取りました
2026-06-11 11:08:32 [INFO] 通信成功：メッセージリストをクライアントに送信します。
2026-06-11 11:08:37 [INFO] GETリクエスト(チャット)を受け取りました
2026-06-11 11:08:37 [INFO] 通信成功：メッセージリストをクライアントに送信します。
2026-06-11 11:08:42 [INFO] GETリクエスト(チャット)を受け取りました
2026-06-11 11:08:42 [INFO] 通信成功：メッセージリストをクライアントに送信します。
2026-06-11 11:08:47 [INFO] GETリクエスト(チャット)を受け取りました
2026-06-11 11:08:47 [INFO] 通信成功：メッセージリストをクライアントに送信します。
2026-06-11 11:08:52 [INFO] GETリクエスト(チャット)を受け取りました
2026-06-11 11:08:52 [INFO] 通信成功：メッセージリストをクライアントに送信します。
2026-06-11 11:08:57 [INFO] GETリクエスト(チャット)を受け取りました
2026-06-11 11:08:57 [INFO] 通信成功：メッセージリストをクライアントに送信します。
2026-06-11 11:09:00 [INFO] POSTリクエスト(チャット)を受け取りました
2026-06-11 11:09:00 [INFO] チャット保存成功: Message=あいうえおかきくけこさしすせそたちつてとあいうえおかきくけこさしすせそたちつてとあいうえおかきくけこさしすせそたちつてとあいうえおかきくけこさしすせそたちつてとあいうえおかきくけこさしすせそたちつてとあいうえおかきくけこさしすせそたちつてとあいうえおかきくけこさしすせそたちつてとあいうえおかきくけこさしすせそたちつてとあいうえおかきくけこさしすせそたちつてとあいうえおかきくけこさしすせそたちつてとあいうえおかきくけこさしすせそたちつてとあいうえおかきくけこさしすせそたちつてとあいうえおかきくけこさしすせそたちつてとあいうえおかきくけこさしすせそたちつてとあいうえおかきくけこさしすせそたちつてとあいうえおかきくけこさしすせそたちつてとあいうえおかきくけこさしすせそたちつてとあいうえおかきくけこさしすせそたちつてとあいうえおかきくけこさしすせそたちつてとあいうえおかきくけこさしすせそたちつてと, Id=5
2026-06-11 11:09:00 [INFO] GETリクエスト(チャット)を受け取りました
2026-06-11 11:09:00 [INFO] 通信成功：メッセージリストをクライアントに送信します。
2026-06-11 11:09:02 [INFO] GETリクエスト(チャット)を受け取りました
2026-06-11 11:09:02 [INFO] 通信成功：メッセージリストをクライアントに送信します。
2026-06-11 11:09:07 [INFO] GETリクエスト(チャット)を受け取りました
2026-06-11 11:09:07 [INFO] 通信成功：メッセージリストをクライアントに送信します。
2026-06-11 11:09:12 [INFO] GETリクエスト(チャット)を受け取りました
2026-06-11 11:09:12 [INFO] 通信成功：メッセージリストをクライアントに送信します。
2026-06-11 11:09:17 [INFO] GETリクエスト(チャット)を受け取りました
2026-06-11 11:09:17 [INFO] 通信成功：メッセージリストをクライアントに送信します。
2026-06-11 11:09:22 [INFO] GETリクエスト(チャット)を受け取りました
2026-06-11 11:09:22 [INFO] 通信成功：メッセージリストをクライアントに送信します。
2026-06-11 11:09:27 [INFO] GETリクエスト(チャット)を受け取りました
2026-06-11 11:09:27 [INFO] 通信成功：メッセージリストをクライアントに送信します。
2026-06-11 11:09:32 [INFO] GETリクエスト(チャット)を受け取りました
2026-06-11 11:09:32 [INFO] 通信成功：メッセージリストをクライアントに送信します。
2026-06-11 11:09:37 [INFO] GETリクエスト(チャット)を受け取りました
2026-06-11 11:09:37 [INFO] 通信成功：メッセージリストをクライアントに送信します。
2026-06-11 11:09:42 [INFO] GETリクエスト(チャット)を受け取りました
2026-06-11 11:09:42 [INFO] 通信成功：メッセージリストをクライアントに送信します。
2026-06-11 11:09:47 [INFO] GETリクエスト(チャット)を受け取りました
2026-06-11 11:09:47 [INFO] 通信成功：メッセージリストをクライアントに送信します。
2026-06-11 11:09:52 [INFO] GETリクエスト(チャット)を受け取りました
2026-06-11 11:09:52 [INFO] 通信成功：メッセージリストをクライアントに送信します。
2026-06-11 11:09:57 [INFO] GETリクエスト(チャット)を受け取りました
2026-06-11 11:09:57 [INFO] 通信成功：メッセージリストをクライアントに送信します。
2026-06-11 11:10:02 [INFO] GETリクエスト(チャット)を受け取りました
2026-06-11 11:10:02 [INFO] 通信成功：メッセージリストをクライアントに送信します。
2026-06-11 11:10:07 [INFO] GETリクエスト(チャット)を受け取りました
2026-06-11 11:10:07 [INFO] 通信成功：メッセージリストをクライアントに送信します。
2026-06-11 11:10:12 [INFO] GETリクエスト(チャット)を受け取りました
2026-06-11 11:10:12 [INFO] 通信成功：メッセージリストをクライアントに送信します。
2026-06-11 11:10:17 [INFO] GETリクエスト(チャット)を受け取りました
2026-06-11 11:10:17 [INFO] 通信成功：メッセージリストをクライアントに送信します。
2026-06-11 11:10:22 [INFO] GETリクエスト(チャット)を受け取りました
2026-06-11 11:10:22 [INFO] 通信成功：メッセージリストをクライアントに送信します。
2026-06-11 11:10:27 [INFO] GETリクエスト(チャット)を受け取りました
2026-06-11 11:10:27 [INFO] 通信成功：メッセージリストをクライアントに送信します。
2026-06-11 11:10:32 [INFO] GETリクエスト(チャット)を受け取りました
2026-06-11 11:10:32 [INFO] 通信成功：メッセージリストをクライアントに送信します。
2026-06-11 11:10:36 [INFO] POSTリクエスト(チャット)を受け取りました
2026-06-11 11:10:36 [WARN] 400文字を超えるメッセージが投稿されました
2026-06-11 11:10:38 [INFO] GETリクエスト(チャット)を受け取りました
2026-06-11 11:10:38 [INFO] 通信成功：メッセージリストをクライアントに送信します。
2026-06-11 11:10:42 [INFO] GETリクエスト(チャット)を受け取りました
2026-06-11 11:10:42 [INFO] 通信成功：メッセージリストをクライアントに送信します。
2026-06-11 11:10:45 [INFO] POSTリクエスト(チャット)を受け取りました
2026-06-11 11:10:45 [WARN] 400文字を超えるメッセージが投稿されました
2026-06-11 11:11:31 [INFO] GETリクエスト(チャット)を受け取りました
2026-06-11 11:11:31 [INFO] 通信成功：メッセージリストをクライアントに送信します。
2026-06-11 11:11:32 [INFO] GETリクエスト(チャット)を受け取りました
2026-06-11 11:11:32 [INFO] 通信成功：メッセージリストをクライアントに送信します。
2026-06-11 11:11:37 [INFO] GETリクエスト(チャット)を受け取りました
2026-06-11 11:11:37 [INFO] 通信成功：メッセージリストをクライアントに送信します。
2026-06-11 11:11:42 [INFO] GETリクエスト(チャット)を受け取りました
2026-06-11 11:11:42 [INFO] 通信成功：メッセージリストをクライアントに送信します。
2026-06-11 11:11:47 [INFO] GETリクエスト(チャット)を受け取りました
2026-06-11 11:11:47 [INFO] 通信成功：メッセージリストをクライアントに送信します。
2026-06-11 11:11:52 [INFO] GETリクエスト(チャット)を受け取りました
2026-06-11 11:11:52 [INFO] 通信成功：メッセージリストをクライアントに送信します。
2026-06-11 11:11:57 [INFO] GETリクエスト(チャット)を受け取りました
2026-06-11 11:11:57 [INFO] 通信成功：メッセージリストをクライアントに送信します。
2026-06-11 11:12:02 [INFO] GETリクエスト(チャット)を受け取りました
2026-06-11 11:12:02 [INFO] 通信成功：メッセージリストをクライアントに送信します。
2026-06-11 11:12:07 [INFO] GETリクエスト(チャット)を受け取りました
2026-06-11 11:12:07 [INFO] 通信成功：メッセージリストをクライアントに送信します。
2026-06-11 11:12:12 [INFO] GETリクエスト(チャット)を受け取りました
2026-06-11 11:12:12 [INFO] 通信成功：メッセージリストをクライアントに送信します。
2026-06-11 11:12:17 [INFO] GETリクエスト(チャット)を受け取りました
2026-06-11 11:12:17 [INFO] 通信成功：メッセージリストをクライアントに送信します。
2026-06-11 11:12:22 [INFO] GETリクエスト(チャット)を受け取りました
2026-06-11 11:12:22 [INFO] 通信成功：メッセージリストをクライアントに送信します。
2026-06-11 11:12:27 [INFO] GETリクエスト(チャット)を受け取りました
2026-06-11 11:12:27 [INFO] 通信成功：メッセージリストをクライアントに送信します。
2026-06-11 11:12:32 [INFO] GETリクエスト(チャット)を受け取りました
2026-06-11 11:12:32 [INFO] 通信成功：メッセージリストをクライアントに送信します。
2026-06-11 11:12:37 [INFO] GETリクエスト(チャット)を受け取りました
2026-06-11 11:12:37 [INFO] 通信成功：メッセージリストをクライアントに送信します。
2026-06-11 11:12:42 [INFO] GETリクエスト(チャット)を受け取りました
2026-06-11 11:12:42 [INFO] 通信成功：メッセージリストをクライアントに送信します。
2026-06-11 11:12:47 [INFO] GETリクエスト(チャット)を受け取りました
2026-06-11 11:12:47 [INFO] 通信成功：メッセージリストをクライアントに送信します。
2026-06-11 11:12:52 [INFO] GETリクエスト(チャット)を受け取りました
2026-06-11 11:12:52 [INFO] 通信成功：メッセージリストをクライアントに送信します。
2026-06-11 11:12:57 [INFO] GETリクエスト(チャット)を受け取りました
2026-06-11 11:12:57 [INFO] 通信成功：メッセージリストをクライアントに送信します。
2026-06-11 11:13:02 [INFO] GETリクエスト(チャット)を受け取りました
2026-06-11 11:13:02 [INFO] 通信成功：メッセージリストをクライアントに送信します。
2026-06-11 11:13:07 [INFO] GETリクエスト(チャット)を受け取りました
2026-06-11 11:13:07 [INFO] 通信成功：メッセージリストをクライアントに送信します。
2026-06-11 11:13:12 [INFO] GETリクエスト(チャット)を受け取りました
2026-06-11 11:13:12 [INFO] 通信成功：メッセージリストをクライアントに送信します。
2026-06-11 11:13:17 [INFO] GETリクエスト(チャット)を受け取りました
2026-06-11 11:13:17 [INFO] 通信成功：メッセージリストをクライアントに送信します。
2026-06-11 11:14:18 [INFO] GETリクエスト(チャット)を受け取りました
2026-06-11 11:14:18 [INFO] 通信成功：メッセージリストをクライアントに送信します。
2026-06-11 11:15:18 [INFO] GETリクエスト(チャット)を受け取りました
2026-06-11 11:15:18 [INFO] 通信成功：メッセージリストをクライアントに送信します。
2026-06-11 11:16:18 [INFO] GETリクエスト(チャット)を受け取りました
2026-06-11 11:16:18 [INFO] 通信成功：メッセージリストをクライアントに送信します。
2026-06-11 11:17:18 [INFO] GETリクエスト(チャット)を受け取りました
2026-06-11 11:17:18 [INFO] 通信成功：メッセージリストをクライアントに送信します。
2026-06-11 11:18:18 [INFO] GETリクエスト(チャット)を受け取りました
2026-06-11 11:18:18 [INFO] 通信成功：メッセージリストをクライアントに送信します。
2026-06-11 11:19:18 [INFO] GETリクエスト(チャット)を受け取りました
2026-06-11 11:19:18 [INFO] 通信成功：メッセージリストをクライアントに送信します。
2026-06-11 11:19:27 [INFO] GETリクエスト(チャット)を受け取りました
2026-06-11 11:19:27 [INFO] 通信成功：メッセージリストをクライアントに送信します。
